01:37:27 **** Incremental Build of configuration Debug for project addTwoNumbersLinkedList ****
make all 
Building file: ../main.c
Invoking: GCC C Compiler
gcc -O0 -g3 -Wall -c -fmessage-length=0 -MMD -MP -MF"main.d" -MT"main.o" -o "main.o" "../main.c"
Finished building: ../main.c
 
Building target: addTwoNumbersLinkedList
Invoking: GCC C Linker
gcc  -o "addTwoNumbersLinkedList"  ./main.o   
Finished building target: addTwoNumbersLinkedList
 
01:37:48 **** Incremental Build of configuration Debug for project addTwoNumbersLinkedList ****
make all 
make: Nothing to be done for 'all'.
01:38:16 **** Incremental Build of configuration Debug for project addTwoNumbersLinkedList ****
make all 
Building file: ../main.c
Invoking: GCC C Compiler
gcc -O0 -g3 -Wall -c -fmessage-length=0 -MMD -MP -MF"main.d" -MT"main.o" -o "main.o" "../main.c"
Finished building: ../main.c
 
Building target: addTwoNumbersLinkedList
Invoking: GCC C Linker
gcc  -o "addTwoNumbersLinkedList"  ./main.o   
Finished building target: addTwoNumbersLinkedList
 
01:38:18 **** Incremental Build of configuration Debug for project addTwoNumbersLinkedList ****
make all 
make: Nothing to be done for 'all'.
01:38:48 **** Incremental Build of configuration Debug for project addTwoNumbersLinkedList ****
make all 
Building file: ../main.c
Invoking: GCC C Compiler
gcc -O0 -g3 -Wall -c -fmessage-length=0 -MMD -MP -MF"main.d" -MT"main.o" -o "main.o" "../main.c"
../main.c:36:24: error: conflicting types for ‘createNumber’
subdir.mk:18: recipe for target 'main.o' failed
 struct linkedListNode* createNumber(int d0, int d1, int d2)
                        ^
../main.c:13:24: note: previous declaration of ‘createNumber’ was here
 struct linkedListNode* createNumber(char d1, char d2, char d3);
                        ^
make: *** [main.o] Error 1
01:40:00 **** Incremental Build of configuration Debug for project addTwoNumbersLinkedList ****
make all 
Building file: ../main.c
Invoking: GCC C Compiler
gcc -O0 -g3 -Wall -c -fmessage-length=0 -MMD -MP -MF"main.d" -MT"main.o" -o "main.o" "../main.c"
Finished building: ../main.c
 
Building target: addTwoNumbersLinkedList
Invoking: GCC C Linker
gcc  -o "addTwoNumbersLinkedList"  ./main.o   
Finished building target: addTwoNumbersLinkedList
 
01:40:02 **** Incremental Build of configuration Debug for project addTwoNumbersLinkedList ****
make all 
make: Nothing to be done for 'all'.
01:40:32 **** Incremental Build of configuration Debug for project addTwoNumbersLinkedList ****
make all 
make: Nothing to be done for 'all'.
01:40:36 **** Incremental Build of configuration Debug for project addTwoNumbersLinkedList ****
make all 
Building file: ../main.c
Invoking: GCC C Compiler
gcc -O0 -g3 -Wall -c -fmessage-length=0 -MMD -MP -MF"main.d" -MT"main.o" -o "main.o" "../main.c"
Finished building: ../main.c
 
Building target: addTwoNumbersLinkedList
Invoking: GCC C Linker
gcc  -o "addTwoNumbersLinkedList"  ./main.o   
Finished building target: addTwoNumbersLinkedList
 
01:40:42 **** Incremental Build of configuration Debug for project addTwoNumbersLinkedList ****
make all 
Building file: ../main.c
Invoking: GCC C Compiler
gcc -O0 -g3 -Wall -c -fmessage-length=0 -MMD -MP -MF"main.d" -MT"main.o" -o "main.o" "../main.c"
Finished building: ../main.c
 
Building target: addTwoNumbersLinkedList
Invoking: GCC C Linker
gcc  -o "addTwoNumbersLinkedList"  ./main.o   
Finished building target: addTwoNumbersLinkedList
 
01:40:46 **** Incremental Build of configuration Debug for project addTwoNumbersLinkedList ****
make all 
make: Nothing to be done for 'all'.
01:40:49 **** Incremental Build of configuration Debug for project addTwoNumbersLinkedList ****
make all 
make: Nothing to be done for 'all'.
01:40:55 **** Incremental Build of configuration Debug for project addTwoNumbersLinkedList ****
make all 
Building file: ../main.c
Invoking: GCC C Compiler
gcc -O0 -g3 -Wall -c -fmessage-length=0 -MMD -MP -MF"main.d" -MT"main.o" -o "main.o" "../main.c"
Finished building: ../main.c
 
Building target: addTwoNumbersLinkedList
Invoking: GCC C Linker
gcc  -o "addTwoNumbersLinkedList"  ./main.o   
Finished building target: addTwoNumbersLinkedList
 
01:40:57 **** Incremental Build of configuration Debug for project addTwoNumbersLinkedList ****
make all 
make: Nothing to be done for 'all'.
01:41:33 **** Incremental Build of configuration Debug for project addTwoNumbersLinkedList ****
make all 
Building file: ../main.c
Invoking: GCC C Compiler
gcc -O0 -g3 -Wall -c -fmessage-length=0 -MMD -MP -MF"main.d" -MT"main.o" -o "main.o" "../main.c"
../main.c: In function ‘main’:
../main.c:17:39: warning: variable ‘myNum1’ set but not used [-Wunused-but-set-variable]
  struct linkedListNode *head = NULL, *myNum1 = NULL;
                                       ^
Finished building: ../main.c
 
Building target: addTwoNumbersLinkedList
Invoking: GCC C Linker
gcc  -o "addTwoNumbersLinkedList"  ./main.o   
Finished building target: addTwoNumbersLinkedList
 
01:41:38 **** Incremental Build of configuration Debug for project addTwoNumbersLinkedList ****
make all 
make: Nothing to be done for 'all'.
01:41:58 **** Incremental Build of configuration Debug for project addTwoNumbersLinkedList ****
make all 
make: Nothing to be done for 'all'.
01:42:00 **** Incremental Build of configuration Debug for project addTwoNumbersLinkedList ****
make all 
Building file: ../main.c
Invoking: GCC C Compiler
gcc -O0 -g3 -Wall -c -fmessage-length=0 -MMD -MP -MF"main.d" -MT"main.o" -o "main.o" "../main.c"
../main.c: In function ‘main’:
../main.c:17:39: warning: variable ‘myNum1’ set but not used [-Wunused-but-set-variable]
  struct linkedListNode *head = NULL, *myNum1 = NULL;
                                       ^
Finished building: ../main.c
 
Building target: addTwoNumbersLinkedList
Invoking: GCC C Linker
gcc  -o "addTwoNumbersLinkedList"  ./main.o   
Finished building target: addTwoNumbersLinkedList
 
01:42:02 **** Incremental Build of configuration Debug for project addTwoNumbersLinkedList ****
make all 
make: Nothing to be done for 'all'.
01:42:20 **** Incremental Build of configuration Debug for project addTwoNumbersLinkedList ****
make all 
Building file: ../main.c
Invoking: GCC C Compiler
gcc -O0 -g3 -Wall -c -fmessage-length=0 -MMD -MP -MF"main.d" -MT"main.o" -o "main.o" "../main.c"
../main.c: In function ‘main’:
../main.c:17:39: warning: variable ‘myNum1’ set but not used [-Wunused-but-set-variable]
  struct linkedListNode *head = NULL, *myNum1 = NULL;
                                       ^
Finished building: ../main.c
 
Building target: addTwoNumbersLinkedList
Invoking: GCC C Linker
gcc  -o "addTwoNumbersLinkedList"  ./main.o   
Finished building target: addTwoNumbersLinkedList
 
01:42:22 **** Incremental Build of configuration Debug for project addTwoNumbersLinkedList ****
make all 
make: Nothing to be done for 'all'.
01:43:23 **** Incremental Build of configuration Debug for project addTwoNumbersLinkedList ****
make all 
Building file: ../main.c
Invoking: GCC C Compiler
gcc -O0 -g3 -Wall -c -fmessage-length=0 -MMD -MP -MF"main.d" -MT"main.o" -o "main.o" "../main.c"
../main.c: In function ‘main’:
../main.c:17:39: warning: variable ‘myNum1’ set but not used [-Wunused-but-set-variable]
  struct linkedListNode *head = NULL, *myNum1 = NULL;
                                       ^
Finished building: ../main.c
 
Building target: addTwoNumbersLinkedList
Invoking: GCC C Linker
gcc  -o "addTwoNumbersLinkedList"  ./main.o   
Finished building target: addTwoNumbersLinkedList
 
01:43:25 **** Incremental Build of configuration Debug for project addTwoNumbersLinkedList ****
make all 
make: Nothing to be done for 'all'.
01:45:08 **** Incremental Build of configuration Debug for project addTwoNumbersLinkedList ****
make all 
Building file: ../main.c
Invoking: GCC C Compiler
gcc -O0 -g3 -Wall -c -fmessage-length=0 -MMD -MP -MF"main.d" -MT"main.o" -o "main.o" "../main.c"
../main.c: In function ‘main’:
../main.c:17:39: warning: variable ‘myNum1’ set but not used [-Wunused-but-set-variable]
  struct linkedListNode *head = NULL, *myNum1 = NULL;
                                       ^
Finished building: ../main.c
 
Building target: addTwoNumbersLinkedList
Invoking: GCC C Linker
gcc  -o "addTwoNumbersLinkedList"  ./main.o   
Finished building target: addTwoNumbersLinkedList
 
01:45:10 **** Incremental Build of configuration Debug for project addTwoNumbersLinkedList ****
make all 
make: Nothing to be done for 'all'.
01:45:24 **** Incremental Build of configuration Debug for project addTwoNumbersLinkedList ****
make all 
Building file: ../main.c
Invoking: GCC C Compiler
gcc -O0 -g3 -Wall -c -fmessage-length=0 -MMD -MP -MF"main.d" -MT"main.o" -o "main.o" "../main.c"
../main.c: In function ‘main’:
../main.c:17:39: warning: variable ‘myNum1’ set but not used [-Wunused-but-set-variable]
  struct linkedListNode *head = NULL, *myNum1 = NULL;
                                       ^
Finished building: ../main.c
 
Building target: addTwoNumbersLinkedList
Invoking: GCC C Linker
gcc  -o "addTwoNumbersLinkedList"  ./main.o   
Finished building target: addTwoNumbersLinkedList
 
01:45:26 **** Incremental Build of configuration Debug for project addTwoNumbersLinkedList ****
make all 
make: Nothing to be done for 'all'.
01:46:07 **** Incremental Build of configuration Debug for project addTwoNumbersLinkedList ****
make all 
Building file: ../main.c
Invoking: GCC C Compiler
gcc -O0 -g3 -Wall -c -fmessage-length=0 -MMD -MP -MF"main.d" -MT"main.o" -o "main.o" "../main.c"
../main.c: In function ‘main’:
../main.c:17:39: warning: variable ‘myNum1’ set but not used [-Wunused-but-set-variable]
  struct linkedListNode *head = NULL, *myNum1 = NULL;
                                       ^
Finished building: ../main.c
 
Building target: addTwoNumbersLinkedList
Invoking: GCC C Linker
gcc  -o "addTwoNumbersLinkedList"  ./main.o   
Finished building target: addTwoNumbersLinkedList
 
01:46:09 **** Incremental Build of configuration Debug for project addTwoNumbersLinkedList ****
make all 
make: Nothing to be done for 'all'.
01:47:01 **** Incremental Build of configuration Debug for project addTwoNumbersLinkedList ****
make all 
Building file: ../main.c
Invoking: GCC C Compiler
gcc -O0 -g3 -Wall -c -fmessage-length=0 -MMD -MP -MF"main.d" -MT"main.o" -o "main.o" "../main.c"
../main.c: In function ‘main’:
../main.c:17:55: warning: variable ‘myNum2’ set but not used [-Wunused-but-set-variable]
  struct linkedListNode *head = NULL, *myNum1 = NULL, *myNum2 = NULL;
                                                       ^
../main.c:17:39: warning: variable ‘myNum1’ set but not used [-Wunused-but-set-variable]
  struct linkedListNode *head = NULL, *myNum1 = NULL, *myNum2 = NULL;
                                       ^
Finished building: ../main.c
 
Building target: addTwoNumbersLinkedList
Invoking: GCC C Linker
gcc  -o "addTwoNumbersLinkedList"  ./main.o   
Finished building target: addTwoNumbersLinkedList
 
01:47:03 **** Incremental Build of configuration Debug for project addTwoNumbersLinkedList ****
make all 
make: Nothing to be done for 'all'.
01:51:13 **** Incremental Build of configuration Debug for project addTwoNumbersLinkedList ****
make all 
Building file: ../main.c
Invoking: GCC C Compiler
gcc -O0 -g3 -Wall -c -fmessage-length=0 -MMD -MP -MF"main.d" -MT"main.o" -o "main.o" "../main.c"
../main.c: In function ‘main’:
../main.c:18:25: warning: variable ‘head’ set but not used [-Wunused-but-set-variable]
  struct linkedListNode *head = NULL, *myNum1 = NULL, *myNum2 = NULL;
                         ^
Finished building: ../main.c
 
Building target: addTwoNumbersLinkedList
Invoking: GCC C Linker
gcc  -o "addTwoNumbersLinkedList"  ./main.o   
Finished building target: addTwoNumbersLinkedList
 
01:51:16 **** Incremental Build of configuration Debug for project addTwoNumbersLinkedList ****
make all 
make: Nothing to be done for 'all'.
01:51:38 **** Incremental Build of configuration Debug for project addTwoNumbersLinkedList ****
make all 
Building file: ../main.c
Invoking: GCC C Compiler
gcc -O0 -g3 -Wall -c -fmessage-length=0 -MMD -MP -MF"main.d" -MT"main.o" -o "main.o" "../main.c"
../main.c: In function ‘main’:
../main.c:18:25: warning: variable ‘head’ set but not used [-Wunused-but-set-variable]
  struct linkedListNode *head = NULL, *myNum1 = NULL, *myNum2 = NULL;
                         ^
Finished building: ../main.c
 
Building target: addTwoNumbersLinkedList
Invoking: GCC C Linker
gcc  -o "addTwoNumbersLinkedList"  ./main.o   
Finished building target: addTwoNumbersLinkedList
 
01:51:40 **** Incremental Build of configuration Debug for project addTwoNumbersLinkedList ****
make all 
make: Nothing to be done for 'all'.
01:52:06 **** Incremental Build of configuration Debug for project addTwoNumbersLinkedList ****
make all 
Building file: ../main.c
Invoking: GCC C Compiler
gcc -O0 -g3 -Wall -c -fmessage-length=0 -MMD -MP -MF"main.d" -MT"main.o" -o "main.o" "../main.c"
../main.c: In function ‘main’:
../main.c:15:25: warning: variable ‘head’ set but not used [-Wunused-but-set-variable]
  struct linkedListNode *head = NULL, *myNum1 = NULL, *myNum2 = NULL;
                         ^
Finished building: ../main.c
 
Building target: addTwoNumbersLinkedList
Invoking: GCC C Linker
gcc  -o "addTwoNumbersLinkedList"  ./main.o   
Finished building target: addTwoNumbersLinkedList
 
01:52:10 **** Incremental Build of configuration Debug for project addTwoNumbersLinkedList ****
make all 
make: Nothing to be done for 'all'.
01:52:54 **** Incremental Build of configuration Debug for project addTwoNumbersLinkedList ****
make all 
Building file: ../main.c
Invoking: GCC C Compiler
gcc -O0 -g3 -Wall -c -fmessage-length=0 -MMD -MP -MF"main.d" -MT"main.o" -o "main.o" "../main.c"
../main.c: In function ‘main’:
../main.c:15:25: warning: variable ‘head’ set but not used [-Wunused-but-set-variable]
  struct linkedListNode *head = NULL, *myNum1 = NULL, *myNum2 = NULL;
                         ^
Finished building: ../main.c
 
Building target: addTwoNumbersLinkedList
Invoking: GCC C Linker
gcc  -o "addTwoNumbersLinkedList"  ./main.o   
Finished building target: addTwoNumbersLinkedList
 
01:52:56 **** Incremental Build of configuration Debug for project addTwoNumbersLinkedList ****
make all 
make: Nothing to be done for 'all'.
01:53:15 **** Incremental Build of configuration Debug for project addTwoNumbersLinkedList ****
make all 
Building file: ../main.c
Invoking: GCC C Compiler
gcc -O0 -g3 -Wall -c -fmessage-length=0 -MMD -MP -MF"main.d" -MT"main.o" -o "main.o" "../main.c"
../main.c: In function ‘main’:
../main.c:15:25: warning: variable ‘head’ set but not used [-Wunused-but-set-variable]
  struct linkedListNode *head = NULL, *myNum1 = NULL, *myNum2 = NULL;
                         ^
../main.c: In function ‘createNumber’:
../main.c:51:25: warning: unused variable ‘current’ [-Wunused-variable]
  struct linkedListNode *current = numberHead;
                         ^
Finished building: ../main.c
 
Building target: addTwoNumbersLinkedList
Invoking: GCC C Linker
gcc  -o "addTwoNumbersLinkedList"  ./main.o   
Finished building target: addTwoNumbersLinkedList
 
01:53:16 **** Incremental Build of configuration Debug for project addTwoNumbersLinkedList ****
make all 
make: Nothing to be done for 'all'.
01:54:46 **** Incremental Build of configuration Debug for project addTwoNumbersLinkedList ****
make all 
Building file: ../linkedList.c
Invoking: GCC C Compiler
gcc -O0 -g3 -Wall -c -fmessage-length=0 -MMD -MP -MF"linkedList.d" -MT"linkedList.o" -o "linkedList.o" "../linkedList.c"
../linkedList.c: In function ‘createNumber’:
../linkedList.c:32:25: warning: unused variable ‘current’ [-Wunused-variable]
  struct linkedListNode *current = numberHead;
                         ^
Finished building: ../linkedList.c
 
Building file: ../main.c
Invoking: GCC C Compiler
gcc -O0 -g3 -Wall -c -fmessage-length=0 -MMD -MP -MF"main.d" -MT"main.o" -o "main.o" "../main.c"
../main.c: In function ‘main’:
../main.c:15:25: warning: variable ‘head’ set but not used [-Wunused-but-set-variable]
  struct linkedListNode *head = NULL, *myNum1 = NULL, *myNum2 = NULL;
                         ^
../main.c: In function ‘createNumber’:
../main.c:51:25: warning: unused variable ‘current’ [-Wunused-variable]
  struct linkedListNode *current = numberHead;
                         ^
Finished building: ../main.c
 
Building target: addTwoNumbersLinkedList
Invoking: GCC C Linker
gcc  -o "addTwoNumbersLinkedList"  ./linkedList.o ./main.o   
./main.o: In function `createNumber':
/home/jledin/eclipse-workspace/addTwoNumbersLinkedList/Debug/../main.c:47: multiple definition of `createNumber'
./linkedList.o:/home/jledin/eclipse-workspace/addTwoNumbersLinkedList/Debug/../linkedList.c:28: first defined here
makefile:29: recipe for target 'addTwoNumbersLinkedList' failed
./main.o: In function `printList':
/home/jledin/eclipse-workspace/addTwoNumbersLinkedList/Debug/../main.c:33: multiple definition of `printList'
./linkedList.o:/home/jledin/eclipse-workspace/addTwoNumbersLinkedList/Debug/../linkedList.c:14: first defined here
./main.o: In function `addLinkedListNums':
/home/jledin/eclipse-workspace/addTwoNumbersLinkedList/Debug/../main.c:74: multiple definition of `addLinkedListNums'
./linkedList.o:/home/jledin/eclipse-workspace/addTwoNumbersLinkedList/Debug/../linkedList.c:55: first defined here
collect2: error: ld returned 1 exit status
make: *** [addTwoNumbersLinkedList] Error 1
01:56:11 **** Incremental Build of configuration Debug for project addTwoNumbersLinkedList ****
make all 
Building file: ../linkedList.c
Invoking: GCC C Compiler
gcc -O0 -g3 -Wall -c -fmessage-length=0 -MMD -MP -MF"linkedList.d" -MT"linkedList.o" -o "linkedList.o" "../linkedList.c"
../linkedList.c: In function ‘createNumber’:
../linkedList.c:32:25: warning: unused variable ‘current’ [-Wunused-variable]
  struct linkedListNode *current = numberHead;
                         ^
Finished building: ../linkedList.c
 
Building file: ../main.c
Invoking: GCC C Compiler
gcc -O0 -g3 -Wall -c -fmessage-length=0 -MMD -MP -MF"main.d" -MT"main.o" -o "main.o" "../main.c"
../main.c: In function ‘main’:
../main.c:15:25: warning: variable ‘head’ set but not used [-Wunused-but-set-variable]
  struct linkedListNode *head = NULL, *myNum1 = NULL, *myNum2 = NULL;
                         ^
../main.c: In function ‘createNumber’:
../main.c:51:25: warning: unused variable ‘current’ [-Wunused-variable]
  struct linkedListNode *current = numberHead;
                         ^
Finished building: ../main.c
 
Building target: addTwoNumbersLinkedList
Invoking: GCC C Linker
gcc  -o "addTwoNumbersLinkedList"  ./linkedList.o ./main.o   
./main.o: In function `createNumber':
/home/jledin/eclipse-workspace/addTwoNumbersLinkedList/Debug/../main.c:47: multiple definition of `createNumber'
./linkedList.o:/home/jledin/eclipse-workspace/addTwoNumbersLinkedList/Debug/../linkedList.c:28: first defined here
./main.o: In function `printList':
/home/jledin/eclipse-workspace/addTwoNumbersLinkedList/Debug/../main.c:33: multiple definition of `printList'
./linkedList.o:/home/jledin/eclipse-workspace/addTwoNumbersLinkedList/Debug/../linkedList.c:14: first defined here
makefile:29: recipe for target 'addTwoNumbersLinkedList' failed
./main.o: In function `addLinkedListNums':
/home/jledin/eclipse-workspace/addTwoNumbersLinkedList/Debug/../main.c:74: multiple definition of `addLinkedListNums'
./linkedList.o:/home/jledin/eclipse-workspace/addTwoNumbersLinkedList/Debug/../linkedList.c:55: first defined here
collect2: error: ld returned 1 exit status
make: *** [addTwoNumbersLinkedList] Error 1
01:56:57 **** Incremental Build of configuration Debug for project addTwoNumbersLinkedList ****
make all 
Building file: ../linkedList.c
Invoking: GCC C Compiler
gcc -O0 -g3 -Wall -c -fmessage-length=0 -MMD -MP -MF"linkedList.d" -MT"linkedList.o" -o "linkedList.o" "../linkedList.c"
../linkedList.c: In function ‘createNumber’:
../linkedList.c:32:25: warning: unused variable ‘current’ [-Wunused-variable]
  struct linkedListNode *current = numberHead;
                         ^
Finished building: ../linkedList.c
 
Building file: ../main.c
Invoking: GCC C Compiler
gcc -O0 -g3 -Wall -c -fmessage-length=0 -MMD -MP -MF"main.d" -MT"main.o" -o "main.o" "../main.c"
../main.c: In function ‘main’:
../main.c:15:25: warning: variable ‘head’ set but not used [-Wunused-but-set-variable]
  struct linkedListNode *head = NULL, *myNum1 = NULL, *myNum2 = NULL;
                         ^
Finished building: ../main.c
 
Building target: addTwoNumbersLinkedList
Invoking: GCC C Linker
gcc  -o "addTwoNumbersLinkedList"  ./linkedList.o ./main.o   
Finished building target: addTwoNumbersLinkedList
 
01:57:01 **** Incremental Build of configuration Debug for project addTwoNumbersLinkedList ****
make all 
make: Nothing to be done for 'all'.
02:06:02 **** Incremental Build of configuration Debug for project addTwoNumbersLinkedList ****
make all 
Building file: ../linkedList.c
Invoking: GCC C Compiler
gcc -O0 -g3 -Wall -c -fmessage-length=0 -MMD -MP -MF"linkedList.d" -MT"linkedList.o" -o "linkedList.o" "../linkedList.c"
../linkedList.c: In function ‘createNumber’:
../linkedList.c:32:25: warning: unused variable ‘current’ [-Wunused-variable]
  struct linkedListNode *current = numberHead;
                         ^
../linkedList.c: At top level:
../linkedList.c:55:24: error: conflicting types for ‘addLinkedListNums’
 struct linkedListNode* addLinkedListNums(struct linkedListNode* l1, struct linkedListNode* l2)
                        ^
In file included from ../linkedList.c:10:0:
../linkedList.h:18:6: note: previous declaration of ‘addLinkedListNums’ was here
 void addLinkedListNums(struct linkedListNode* l1, struct linkedListNode* l2);
      ^
../linkedList.c: In function ‘addLinkedListNums’:
../linkedList.c:62:11: error: incompatible types when assigning to type ‘struct linkedListNode’ from type ‘struct linkedListNode *’
  startSum = sumHead; // remember where we started
           ^
../linkedList.c:67:3: error: expected ‘;’ before ‘if’
   if(intermediateSum > 10)
   ^
../linkedList.c:83:9: error: incompatible types when returning type ‘struct linkedListNode’ but ‘struct linkedListNode *’ was expected
  return startSum;
         ^
../linkedList.c:58:27: warning: variable ‘intermediateSum’ set but not used [-Wunused-but-set-variable]
  unsigned char carry = 0, intermediateSum;
                           ^
../linkedList.c:58:16: warning: unused variable ‘carry’ [-Wunused-variable]
  unsigned char carry = 0, intermediateSum;
                ^
../linkedList.c:84:1: warning: control reaches end of non-void function [-Wreturn-type]
 }
 ^
subdir.mk:21: recipe for target 'linkedList.o' failed
make: *** [linkedList.o] Error 1
02:06:06 **** Incremental Build of configuration Debug for project addTwoNumbersLinkedList ****
make all 
Building file: ../linkedList.c
Invoking: GCC C Compiler
gcc -O0 -g3 -Wall -c -fmessage-length=0 -MMD -MP -MF"linkedList.d" -MT"linkedList.o" -o "linkedList.o" "../linkedList.c"
../linkedList.c: In function ‘createNumber’:
../linkedList.c:32:25: warning: unused variable ‘current’ [-Wunused-variable]
  struct linkedListNode *current = numberHead;
                         ^
../linkedList.c: In function ‘addLinkedListNums’:
../linkedList.c:62:11: error: incompatible types when assigning to type ‘struct linkedListNode’ from type ‘struct linkedListNode *’
  startSum = sumHead; // remember where we started
           ^
../linkedList.c:67:3: error: expected ‘;’ before ‘if’
   if(intermediateSum > 10)
   ^
../linkedList.c:83:9: error: incompatible types when returning type ‘struct linkedListNode’ but ‘struct linkedListNode *’ was expected
  return startSum;
         ^
../linkedList.c:58:27: warning: variable ‘intermediateSum’ set but not used [-Wunused-but-set-variable]
  unsigned char carry = 0, intermediateSum;
                           ^
../linkedList.c:58:16: warning: unused variable ‘carry’ [-Wunused-variable]
  unsigned char carry = 0, intermediateSum;
                ^
../linkedList.c:84:1: warning: control reaches end of non-void function [-Wreturn-type]
 }
 ^
subdir.mk:21: recipe for target 'linkedList.o' failed
make: *** [linkedList.o] Error 1
02:06:27 **** Incremental Build of configuration Debug for project addTwoNumbersLinkedList ****
make all 
Building file: ../linkedList.c
Invoking: GCC C Compiler
gcc -O0 -g3 -Wall -c -fmessage-length=0 -MMD -MP -MF"linkedList.d" -MT"linkedList.o" -o "linkedList.o" "../linkedList.c"
../linkedList.c: In function ‘createNumber’:
../linkedList.c:32:25: warning: unused variable ‘current’ [-Wunused-variable]
  struct linkedListNode *current = numberHead;
                         ^
../linkedList.c: In function ‘addLinkedListNums’:
../linkedList.c:67:3: error: expected ‘;’ before ‘if’
   if(intermediateSum > 10)
   ^
../linkedList.c:58:27: warning: variable ‘intermediateSum’ set but not used [-Wunused-but-set-variable]
  unsigned char carry = 0, intermediateSum;
                           ^
../linkedList.c:58:16: warning: unused variable ‘carry’ [-Wunused-variable]
  unsigned char carry = 0, intermediateSum;
                ^
subdir.mk:21: recipe for target 'linkedList.o' failed
make: *** [linkedList.o] Error 1
02:06:35 **** Incremental Build of configuration Debug for project addTwoNumbersLinkedList ****
make all 
Building file: ../linkedList.c
Invoking: GCC C Compiler
gcc -O0 -g3 -Wall -c -fmessage-length=0 -MMD -MP -MF"linkedList.d" -MT"linkedList.o" -o "linkedList.o" "../linkedList.c"
../linkedList.c: In function ‘createNumber’:
../linkedList.c:32:25: warning: unused variable ‘current’ [-Wunused-variable]
  struct linkedListNode *current = numberHead;
                         ^
../linkedList.c: In function ‘addLinkedListNums’:
../linkedList.c:58:16: warning: variable ‘carry’ set but not used [-Wunused-but-set-variable]
  unsigned char carry = 0, intermediateSum;
                ^
Finished building: ../linkedList.c
 
Building file: ../main.c
Invoking: GCC C Compiler
gcc -O0 -g3 -Wall -c -fmessage-length=0 -MMD -MP -MF"main.d" -MT"main.o" -o "main.o" "../main.c"
../main.c: In function ‘main’:
../main.c:15:25: warning: variable ‘head’ set but not used [-Wunused-but-set-variable]
  struct linkedListNode *head = NULL, *myNum1 = NULL, *myNum2 = NULL;
                         ^
Finished building: ../main.c
 
Building target: addTwoNumbersLinkedList
Invoking: GCC C Linker
gcc  -o "addTwoNumbersLinkedList"  ./linkedList.o ./main.o   
Finished building target: addTwoNumbersLinkedList
 
02:07:38 **** Incremental Build of configuration Debug for project addTwoNumbersLinkedList ****
make all 
Building file: ../main.c
Invoking: GCC C Compiler
gcc -O0 -g3 -Wall -c -fmessage-length=0 -MMD -MP -MF"main.d" -MT"main.o" -o "main.o" "../main.c"
In file included from /usr/include/stdlib.h:32:0,
                 from ../main.c:10:
../main.c: In function ‘main’:
../main.c:15:78: error: invalid initializer
  struct linkedListNode *head = NULL, *myNum1 = NULL, *myNum2 = NULL, mySum = NULL;
                                                                              ^
../main.c:20:8: error: incompatible types when assigning to type ‘struct linkedListNode’ from type ‘struct linkedListNode *’
  mySum = addLinkedListNums(myNum1, myNum2);
        ^
../main.c:29:12: error: incompatible type for argument 1 of ‘printList’
  printList(mySum);
            ^
In file included from ../main.c:11:0:
../linkedList.h:17:6: note: expected ‘struct linkedListNode *’ but argument is of type ‘struct linkedListNode’
 void printList(struct linkedListNode *head);
      ^
../main.c:15:25: warning: variable ‘head’ set but not used [-Wunused-but-set-variable]
  struct linkedListNode *head = NULL, *myNum1 = NULL, *myNum2 = NULL, mySum = NULL;
                         ^
subdir.mk:21: recipe for target 'main.o' failed
make: *** [main.o] Error 1
02:07:55 **** Incremental Build of configuration Debug for project addTwoNumbersLinkedList ****
make all 
Building file: ../main.c
Invoking: GCC C Compiler
gcc -O0 -g3 -Wall -c -fmessage-length=0 -MMD -MP -MF"main.d" -MT"main.o" -o "main.o" "../main.c"
../main.c: In function ‘main’:
../main.c:15:25: warning: variable ‘head’ set but not used [-Wunused-but-set-variable]
  struct linkedListNode *head = NULL, *myNum1 = NULL, *myNum2 = NULL, *mySum = NULL;
                         ^
Finished building: ../main.c
 
Building target: addTwoNumbersLinkedList
Invoking: GCC C Linker
gcc  -o "addTwoNumbersLinkedList"  ./linkedList.o ./main.o   
Finished building target: addTwoNumbersLinkedList
 
02:07:57 **** Incremental Build of configuration Debug for project addTwoNumbersLinkedList ****
make all 
make: Nothing to be done for 'all'.
02:15:25 **** Incremental Build of configuration Debug for project addTwoNumbersLinkedList ****
make all 
Building file: ../linkedList.c
Invoking: GCC C Compiler
gcc -O0 -g3 -Wall -c -fmessage-length=0 -MMD -MP -MF"linkedList.d" -MT"linkedList.o" -o "linkedList.o" "../linkedList.c"
../linkedList.c: In function ‘createNumber’:
../linkedList.c:32:25: warning: unused variable ‘current’ [-Wunused-variable]
  struct linkedListNode *current = numberHead;
                         ^
../linkedList.c: In function ‘addLinkedListNums’:
../linkedList.c:58:16: warning: variable ‘carry’ set but not used [-Wunused-but-set-variable]
  unsigned char carry = 0, intermediateSum;
                ^
Finished building: ../linkedList.c
 
Building target: addTwoNumbersLinkedList
Invoking: GCC C Linker
gcc  -o "addTwoNumbersLinkedList"  ./linkedList.o ./main.o   
Finished building target: addTwoNumbersLinkedList
 
02:15:28 **** Incremental Build of configuration Debug for project addTwoNumbersLinkedList ****
make all 
make: Nothing to be done for 'all'.
02:15:58 **** Incremental Build of configuration Debug for project addTwoNumbersLinkedList ****
make all 
Building file: ../linkedList.c
Invoking: GCC C Compiler
gcc -O0 -g3 -Wall -c -fmessage-length=0 -MMD -MP -MF"linkedList.d" -MT"linkedList.o" -o "linkedList.o" "../linkedList.c"
../linkedList.c: In function ‘createNumber’:
../linkedList.c:32:25: warning: unused variable ‘current’ [-Wunused-variable]
  struct linkedListNode *current = numberHead;
                         ^
../linkedList.c: In function ‘addLinkedListNums’:
../linkedList.c:58:16: warning: variable ‘carry’ set but not used [-Wunused-but-set-variable]
  unsigned char carry = 0, intermediateSum;
                ^
Finished building: ../linkedList.c
 
Building target: addTwoNumbersLinkedList
Invoking: GCC C Linker
gcc  -o "addTwoNumbersLinkedList"  ./linkedList.o ./main.o   
Finished building target: addTwoNumbersLinkedList
 
02:16:00 **** Incremental Build of configuration Debug for project addTwoNumbersLinkedList ****
make all 
make: Nothing to be done for 'all'.
02:17:49 **** Incremental Build of configuration Debug for project addTwoNumbersLinkedList ****
make all 
Building file: ../linkedList.c
Invoking: GCC C Compiler
gcc -O0 -g3 -Wall -c -fmessage-length=0 -MMD -MP -MF"linkedList.d" -MT"linkedList.o" -o "linkedList.o" "../linkedList.c"
../linkedList.c: In function ‘createNumber’:
../linkedList.c:32:25: warning: unused variable ‘current’ [-Wunused-variable]
  struct linkedListNode *current = numberHead;
                         ^
../linkedList.c: In function ‘addLinkedListNums’:
../linkedList.c:81:3: error: expected expression before ‘else’
   else
   ^
../linkedList.c:58:16: warning: variable ‘carry’ set but not used [-Wunused-but-set-variable]
  unsigned char carry = 0, intermediateSum;
                ^
subdir.mk:21: recipe for target 'linkedList.o' failed
make: *** [linkedList.o] Error 1
02:18:38 **** Incremental Build of configuration Debug for project addTwoNumbersLinkedList ****
make all 
Building file: ../linkedList.c
Invoking: GCC C Compiler
gcc -O0 -g3 -Wall -c -fmessage-length=0 -MMD -MP -MF"linkedList.d" -MT"linkedList.o" -o "linkedList.o" "../linkedList.c"
../linkedList.c: In function ‘createNumber’:
../linkedList.c:32:25: warning: unused variable ‘current’ [-Wunused-variable]
  struct linkedListNode *current = numberHead;
                         ^
../linkedList.c: In function ‘addLinkedListNums’:
../linkedList.c:58:16: warning: variable ‘carry’ set but not used [-Wunused-but-set-variable]
  unsigned char carry = 0, intermediateSum;
                ^
Finished building: ../linkedList.c
 
Building target: addTwoNumbersLinkedList
Invoking: GCC C Linker
gcc  -o "addTwoNumbersLinkedList"  ./linkedList.o ./main.o   
Finished building target: addTwoNumbersLinkedList
 
02:18:40 **** Incremental Build of configuration Debug for project addTwoNumbersLinkedList ****
make all 
make: Nothing to be done for 'all'.
00:01:57 **** Build of configuration Debug for project hammingDistance ****
make all 
Building file: ../hammingDistance.c
Invoking: GCC C Compiler
gcc -O0 -g3 -Wall -c -fmessage-length=0 -MMD -MP -MF"hammingDistance.d" -MT"hammingDistance.o" -o "hammingDistance.o" "../hammingDistance.c"
Finished building: ../hammingDistance.c
 
Building target: hammingDistance
Invoking: GCC C Linker
gcc  -o "hammingDistance"  ./hammingDistance.o   
makefile:29: recipe for target 'hammingDistance' failed
/usr/lib/gcc/x86_64-linux-gnu/5/../../../x86_64-linux-gnu/crt1.o: In function `_start':
(.text+0x20): undefined reference to `main'
collect2: error: ld returned 1 exit status
make: *** [hammingDistance] Error 1
00:02:16 **** Incremental Build of configuration Debug for project hammingDistance ****
make all 
Building file: ../hammingDistance.c
Invoking: GCC C Compiler
gcc -O0 -g3 -Wall -c -fmessage-length=0 -MMD -MP -MF"hammingDistance.d" -MT"hammingDistance.o" -o "hammingDistance.o" "../hammingDistance.c"
../hammingDistance.c: In function ‘main’:
../hammingDistance.c:14:6: warning: variable ‘result’ set but not used [-Wunused-but-set-variable]
  int result;
      ^
Finished building: ../hammingDistance.c
 
Building target: hammingDistance
Invoking: GCC C Linker
gcc  -o "hammingDistance"  ./hammingDistance.o   
Finished building target: hammingDistance
 
00:02:23 **** Incremental Build of configuration Debug for project hammingDistance ****
make all 
make: Nothing to be done for 'all'.
00:04:00 **** Incremental Build of configuration Debug for project hammingDistance ****
make all 
Building file: ../hammingDistance.c
Invoking: GCC C Compiler
gcc -O0 -g3 -Wall -c -fmessage-length=0 -MMD -MP -MF"hammingDistance.d" -MT"hammingDistance.o" -o "hammingDistance.o" "../hammingDistance.c"
../hammingDistance.c: In function ‘main’:
../hammingDistance.c:14:6: warning: variable ‘result’ set but not used [-Wunused-but-set-variable]
  int result;
      ^
Finished building: ../hammingDistance.c
 
Building target: hammingDistance
Invoking: GCC C Linker
gcc  -o "hammingDistance"  ./hammingDistance.o   
Finished building target: hammingDistance
 
00:04:02 **** Incremental Build of configuration Debug for project hammingDistance ****
make all 
make: Nothing to be done for 'all'.
00:04:07 **** Incremental Build of configuration Debug for project hammingDistance ****
make all 
make: Nothing to be done for 'all'.
00:04:33 **** Incremental Build of configuration Debug for project hammingDistance ****
make all 
Building file: ../hammingDistance.c
Invoking: GCC C Compiler
gcc -O0 -g3 -Wall -c -fmessage-length=0 -MMD -MP -MF"hammingDistance.d" -MT"hammingDistance.o" -o "hammingDistance.o" "../hammingDistance.c"
../hammingDistance.c: In function ‘main’:
../hammingDistance.c:14:6: warning: variable ‘result’ set but not used [-Wunused-but-set-variable]
  int result;
      ^
Finished building: ../hammingDistance.c
 
Building target: hammingDistance
Invoking: GCC C Linker
gcc  -o "hammingDistance"  ./hammingDistance.o   
Finished building target: hammingDistance
 
00:04:34 **** Incremental Build of configuration Debug for project hammingDistance ****
make all 
make: Nothing to be done for 'all'.
00:05:27 **** Incremental Build of configuration Debug for project hammingDistance ****
make all 
Building file: ../hammingDistance.c
Invoking: GCC C Compiler
gcc -O0 -g3 -Wall -c -fmessage-length=0 -MMD -MP -MF"hammingDistance.d" -MT"hammingDistance.o" -o "hammingDistance.o" "../hammingDistance.c"
../hammingDistance.c: In function ‘main’:
../hammingDistance.c:14:6: warning: variable ‘result’ set but not used [-Wunused-but-set-variable]
  int result;
      ^
Finished building: ../hammingDistance.c
 
Building target: hammingDistance
Invoking: GCC C Linker
gcc  -o "hammingDistance"  ./hammingDistance.o   
Finished building target: hammingDistance
 
00:05:29 **** Incremental Build of configuration Debug for project hammingDistance ****
make all 
make: Nothing to be done for 'all'.
00:08:00 **** Incremental Build of configuration Debug for project hammingDistance ****
make all 
Building file: ../hammingDistance.c
Invoking: GCC C Compiler
gcc -O0 -g3 -Wall -c -fmessage-length=0 -MMD -MP -MF"hammingDistance.d" -MT"hammingDistance.o" -o "hammingDistance.o" "../hammingDistance.c"
../hammingDistance.c: In function ‘main’:
../hammingDistance.c:14:6: warning: variable ‘result’ set but not used [-Wunused-but-set-variable]
  int result;
      ^
../hammingDistance.c: In function ‘hammingDistance’:
../hammingDistance.c:25:38: error: ‘difference’ undeclared (first use in this function)
  printf("Difference Mask: %#010x\n", difference);
                                      ^
../hammingDistance.c:25:38: note: each undeclared identifier is reported only once for each function it appears in
subdir.mk:18: recipe for target 'hammingDistance.o' failed
make: *** [hammingDistance.o] Error 1
00:08:51 **** Incremental Build of configuration Debug for project hammingDistance ****
make all 
Building file: ../hammingDistance.c
Invoking: GCC C Compiler
gcc -O0 -g3 -Wall -c -fmessage-length=0 -MMD -MP -MF"hammingDistance.d" -MT"hammingDistance.o" -o "hammingDistance.o" "../hammingDistance.c"
../hammingDistance.c: In function ‘main’:
../hammingDistance.c:14:6: warning: variable ‘result’ set but not used [-Wunused-but-set-variable]
  int result;
      ^
Finished building: ../hammingDistance.c
 
Building target: hammingDistance
Invoking: GCC C Linker
gcc  -o "hammingDistance"  ./hammingDistance.o   
Finished building target: hammingDistance
 
00:08:53 **** Incremental Build of configuration Debug for project hammingDistance ****
make all 
make: Nothing to be done for 'all'.
00:09:57 **** Incremental Build of configuration Debug for project hammingDistance ****
make all 
Building file: ../hammingDistance.c
Invoking: GCC C Compiler
gcc -O0 -g3 -Wall -c -fmessage-length=0 -MMD -MP -MF"hammingDistance.d" -MT"hammingDistance.o" -o "hammingDistance.o" "../hammingDistance.c"
../hammingDistance.c: In function ‘main’:
../hammingDistance.c:14:6: warning: variable ‘result’ set but not used [-Wunused-but-set-variable]
  int result;
      ^
Finished building: ../hammingDistance.c
 
Building target: hammingDistance
Invoking: GCC C Linker
gcc  -o "hammingDistance"  ./hammingDistance.o   
Finished building target: hammingDistance
 
00:09:59 **** Incremental Build of configuration Debug for project hammingDistance ****
make all 
make: Nothing to be done for 'all'.
00:10:39 **** Incremental Build of configuration Debug for project hammingDistance ****
make all 
make: Nothing to be done for 'all'.
00:10:41 **** Incremental Build of configuration Debug for project hammingDistance ****
make all 
make: Nothing to be done for 'all'.
00:11:10 **** Incremental Build of configuration Debug for project hammingDistance ****
make all 
Building file: ../hammingDistance.c
Invoking: GCC C Compiler
gcc -O0 -g3 -Wall -c -fmessage-length=0 -MMD -MP -MF"hammingDistance.d" -MT"hammingDistance.o" -o "hammingDistance.o" "../hammingDistance.c"
../hammingDistance.c: In function ‘main’:
../hammingDistance.c:14:6: warning: variable ‘result’ set but not used [-Wunused-but-set-variable]
  int result;
      ^
Finished building: ../hammingDistance.c
 
Building target: hammingDistance
Invoking: GCC C Linker
gcc  -o "hammingDistance"  ./hammingDistance.o   
Finished building target: hammingDistance
 
00:11:12 **** Incremental Build of configuration Debug for project hammingDistance ****
make all 
make: Nothing to be done for 'all'.
00:12:54 **** Incremental Build of configuration Debug for project hammingDistance ****
make all 
Building file: ../hammingDistance.c
Invoking: GCC C Compiler
gcc -O0 -g3 -Wall -c -fmessage-length=0 -MMD -MP -MF"hammingDistance.d" -MT"hammingDistance.o" -o "hammingDistance.o" "../hammingDistance.c"
../hammingDistance.c: In function ‘main’:
../hammingDistance.c:14:6: warning: variable ‘result’ set but not used [-Wunused-but-set-variable]
  int result;
      ^
Finished building: ../hammingDistance.c
 
Building target: hammingDistance
Invoking: GCC C Linker
gcc  -o "hammingDistance"  ./hammingDistance.o   
Finished building target: hammingDistance
 
00:12:55 **** Incremental Build of configuration Debug for project hammingDistance ****
make all 
make: Nothing to be done for 'all'.
00:13:32 **** Incremental Build of configuration Debug for project hammingDistance ****
make all 
Building file: ../hammingDistance.c
Invoking: GCC C Compiler
gcc -O0 -g3 -Wall -c -fmessage-length=0 -MMD -MP -MF"hammingDistance.d" -MT"hammingDistance.o" -o "hammingDistance.o" "../hammingDistance.c"
../hammingDistance.c: In function ‘main’:
../hammingDistance.c:14:6: warning: variable ‘result’ set but not used [-Wunused-but-set-variable]
  int result;
      ^
Finished building: ../hammingDistance.c
 
Building target: hammingDistance
Invoking: GCC C Linker
gcc  -o "hammingDistance"  ./hammingDistance.o   
Finished building target: hammingDistance
 
00:13:51 **** Incremental Build of configuration Debug for project hammingDistance ****
make all 
Building file: ../hammingDistance.c
Invoking: GCC C Compiler
gcc -O0 -g3 -Wall -c -fmessage-length=0 -MMD -MP -MF"hammingDistance.d" -MT"hammingDistance.o" -o "hammingDistance.o" "../hammingDistance.c"
../hammingDistance.c: In function ‘main’:
../hammingDistance.c:14:6: warning: variable ‘result’ set but not used [-Wunused-but-set-variable]
  int result;
      ^
Finished building: ../hammingDistance.c
 
Building target: hammingDistance
Invoking: GCC C Linker
gcc  -o "hammingDistance"  ./hammingDistance.o   
Finished building target: hammingDistance
 
00:13:53 **** Incremental Build of configuration Debug for project hammingDistance ****
make all 
make: Nothing to be done for 'all'.
00:14:20 **** Incremental Build of configuration Debug for project hammingDistance ****
make all 
Building file: ../hammingDistance.c
Invoking: GCC C Compiler
gcc -O0 -g3 -Wall -c -fmessage-length=0 -MMD -MP -MF"hammingDistance.d" -MT"hammingDistance.o" -o "hammingDistance.o" "../hammingDistance.c"
Finished building: ../hammingDistance.c
 
Building target: hammingDistance
Invoking: GCC C Linker
gcc  -o "hammingDistance"  ./hammingDistance.o   
Finished building target: hammingDistance
 
00:14:22 **** Incremental Build of configuration Debug for project hammingDistance ****
make all 
make: Nothing to be done for 'all'.
00:18:35 **** Incremental Build of configuration Debug for project hammingDistance ****
make all 
Building file: ../hammingDistance.c
Invoking: GCC C Compiler
gcc -O0 -g3 -Wall -c -fmessage-length=0 -MMD -MP -MF"hammingDistance.d" -MT"hammingDistance.o" -o "hammingDistance.o" "../hammingDistance.c"
Finished building: ../hammingDistance.c
 
Building target: hammingDistance
Invoking: GCC C Linker
gcc  -o "hammingDistance"  ./hammingDistance.o   
Finished building target: hammingDistance
 
00:18:38 **** Incremental Build of configuration Debug for project hammingDistance ****
make all 
Building file: ../hammingDistance.c
Invoking: GCC C Compiler
gcc -O0 -g3 -Wall -c -fmessage-length=0 -MMD -MP -MF"hammingDistance.d" -MT"hammingDistance.o" -o "hammingDistance.o" "../hammingDistance.c"
Finished building: ../hammingDistance.c
 
Building target: hammingDistance
Invoking: GCC C Linker
gcc  -o "hammingDistance"  ./hammingDistance.o   
Finished building target: hammingDistance
 
00:39:27 **** Incremental Build of configuration Debug for project hammingDistance ****
make all 
Building file: ../hammingDistance.c
Invoking: GCC C Compiler
gcc -O0 -g3 -Wall -c -fmessage-length=0 -MMD -MP -MF"hammingDistance.d" -MT"hammingDistance.o" -o "hammingDistance.o" "../hammingDistance.c"
../hammingDistance.c: In function ‘main’:
../hammingDistance.c:14:8: warning: variable ‘reversedString’ set but not used [-Wunused-but-set-variable]
  char* reversedString;
        ^
../hammingDistance.c: In function ‘reverseString’:
../hammingDistance.c:23:17: warning: implicit declaration of function ‘strlen’ [-Wimplicit-function-declaration]
  char sLength = strlen(s);
                 ^
../hammingDistance.c:23:17: warning: incompatible implicit declaration of built-in function ‘strlen’
../hammingDistance.c:23:17: note: include ‘<string.h>’ or provide a declaration of ‘strlen’
Finished building: ../hammingDistance.c
 
Building target: hammingDistance
Invoking: GCC C Linker
gcc  -o "hammingDistance"  ./hammingDistance.o   
Finished building target: hammingDistance
 
00:39:29 **** Incremental Build of configuration Debug for project hammingDistance ****
make all 
make: Nothing to be done for 'all'.
00:39:45 **** Incremental Build of configuration Debug for project hammingDistance ****
make all 
Building file: ../hammingDistance.c
Invoking: GCC C Compiler
gcc -O0 -g3 -Wall -c -fmessage-length=0 -MMD -MP -MF"hammingDistance.d" -MT"hammingDistance.o" -o "hammingDistance.o" "../hammingDistance.c"
../hammingDistance.c: In function ‘main’:
../hammingDistance.c:14:8: warning: variable ‘reversedString’ set but not used [-Wunused-but-set-variable]
  char* reversedString;
        ^
../hammingDistance.c: In function ‘reverseString’:
../hammingDistance.c:23:17: warning: implicit declaration of function ‘strlen’ [-Wimplicit-function-declaration]
  char sLength = strlen(s);
                 ^
../hammingDistance.c:23:17: warning: incompatible implicit declaration of built-in function ‘strlen’
../hammingDistance.c:23:17: note: include ‘<string.h>’ or provide a declaration of ‘strlen’
Finished building: ../hammingDistance.c
 
Building target: hammingDistance
Invoking: GCC C Linker
gcc  -o "hammingDistance"  ./hammingDistance.o   
Finished building target: hammingDistance
 
00:39:47 **** Incremental Build of configuration Debug for project hammingDistance ****
make all 
make: Nothing to be done for 'all'.
00:39:48 **** Incremental Build of configuration Debug for project hammingDistance ****
make all 
make: Nothing to be done for 'all'.
